"2019-04-19 11:59:37 [main] INFO  c.s.g.GiphyServiceApplicationTests - No active profile set, falling back to default profiles: default
""2019-04-19 11:59:40 [main] INFO  o.s.d.r.c.RepositoryConfigurationDelegate - Bootstrapping Spring Data repositories in DEFAULT mode.
""2019-04-19 11:59:40 [main] INFO  o.s.d.r.c.RepositoryConfigurationDelegate - Finished Spring Data repository scanning in 688ms. Found 1 repository interfaces.
""2019-04-19 11:59:41 [main] INFO  o.s.cloud.context.scope.GenericScope - BeanFactory id=a17fec85-92ca-323b-8832-4246e4ef8850
""2019-04-19 11:59:41 [main] INFO  o.s.c.s.PostProcessorRegistrationDelegate$BeanPostProcessorChecker - Bean 'org.springframework.cloud.autoconfigure.ConfigurationPropertiesRebinderAutoConfiguration' of type [org.springframework.cloud.autoconfigure.ConfigurationPropertiesRebinderAutoConfiguration$$EnhancerBySpringCGLIB$$86f0bc86] is not eligible for getting processed by all BeanPostProcessors (for example: not eligible for auto-proxying)
""2019-04-19 11:59:41 [main] INFO  org.mongodb.driver.cluster - Cluster created with settings {hosts=[localhost:27017], mode=SINGLE, requiredClusterType=UNKNOWN, serverSelectionTimeout='30000 ms', maxWaitQueueSize=500}
""2019-04-19 11:59:41 [cluster-ClusterId{value='5cb96ad52187612022967c9a', description='null'}-localhost:27017] INFO  org.mongodb.driver.connection - Opened connection [connectionId{localValue:1, serverValue:91}] to localhost:27017
""2019-04-19 11:59:41 [cluster-ClusterId{value='5cb96ad52187612022967c9a', description='null'}-localhost:27017] INFO  org.mongodb.driver.cluster - Monitor thread successfully connected to server with description ServerDescription{address=localhost:27017, type=STANDALONE, state=CONNECTED, ok=true, version=ServerVersion{versionList=[3, 6, 8]}, minWireVersion=0, maxWireVersion=6, maxDocumentSize=16777216, logicalSessionTimeoutMinutes=30, roundTripTimeNanos=1961288}
""2019-04-19 11:59:44 [main] INFO  s.d.s.w.PropertySourcedRequestMappingHandlerMapping - Mapped URL path [/v2/api-docs] onto method [public org.springframework.http.ResponseEntity<springfox.documentation.spring.web.json.Json> springfox.documentation.swagger2.web.Swagger2Controller.getDocumentation(java.lang.String,javax.servlet.http.HttpServletRequest)]
""2019-04-19 11:59:44 [main] WARN  c.n.c.sources.URLConfigurationSource - No URLs will be polled as dynamic configuration sources.
""2019-04-19 11:59:44 [main] INFO  c.n.c.sources.URLConfigurationSource - To enable URLs as dynamic configuration sources, define System property archaius.configurationSource.additionalUrls or make config.properties available on classpath.
""2019-04-19 11:59:44 [main] WARN  c.n.c.sources.URLConfigurationSource - No URLs will be polled as dynamic configuration sources.
""2019-04-19 11:59:44 [main] INFO  c.n.c.sources.URLConfigurationSource - To enable URLs as dynamic configuration sources, define System property archaius.configurationSource.additionalUrls or make config.properties available on classpath.
""2019-04-19 11:59:45 [main] INFO  o.s.s.c.ThreadPoolTaskExecutor - Initializing ExecutorService 'applicationTaskExecutor'
""2019-04-19 11:59:45 [main] INFO  o.s.s.c.ThreadPoolTaskScheduler - Initializing ExecutorService 'catalogWatchTaskScheduler'
""2019-04-19 11:59:45 [main] WARN  o.s.c.n.core.CoreAutoConfiguration - This module is deprecated. It will be removed in the next major release. Please use spring-cloud-netflix-hystrix instead.
""2019-04-19 11:59:45 [main] INFO  s.d.s.w.p.DocumentationPluginsBootstrapper - Context refreshed
""2019-04-19 11:59:45 [main] INFO  s.d.s.w.p.DocumentationPluginsBootstrapper - Found 1 custom documentation plugin(s)
""2019-04-19 11:59:45 [main] INFO  s.d.s.w.s.ApiListingReferenceScanner - Scanning for api listing references
""2019-04-19 11:59:45 [main] INFO  c.s.g.GiphyServiceApplicationTests - Started GiphyServiceApplicationTests in 11.18 seconds (JVM running for 13.354)
""2019-04-19 11:59:45 [main] INFO  o.s.b.t.a.w.s.WebMvcTestContextBootstrapper - Neither @ContextConfiguration nor @ContextHierarchy found for test class [com.stackroute.giphyservice.controller.GifControllerTest], using SpringBootContextLoader
""2019-04-19 11:59:45 [main] INFO  o.s.t.c.s.AbstractContextLoader - Could not detect default resource locations for test class [com.stackroute.giphyservice.controller.GifControllerTest]: no resource found for suffixes {-context.xml, Context.groovy}.
""2019-04-19 11:59:45 [main] INFO  o.s.t.c.s.AnnotationConfigContextLoaderUtils - Could not detect default configuration classes for test class [com.stackroute.giphyservice.controller.GifControllerTest]: GifControllerTest does not declare any static, non-private, non-final, nested classes annotated with @Configuration.
""2019-04-19 11:59:45 [main] INFO  o.s.b.t.c.SpringBootTestContextBootstrapper - Found @SpringBootConfiguration com.stackroute.giphyservice.GiphyServiceApplication for test class com.stackroute.giphyservice.controller.GifControllerTest
""2019-04-19 11:59:45 [main] INFO  o.s.b.t.a.w.s.WebMvcTestContextBootstrapper - Loaded default TestExecutionListener class names from location [META-INF/spring.factories]: [org.springframework.boot.test.mock.mockito.MockitoTestExecutionListener, org.springframework.boot.test.mock.mockito.ResetMocksTestExecutionListener, org.springframework.boot.test.autoconfigure.restdocs.RestDocsTestExecutionListener, org.springframework.boot.test.autoconfigure.web.client.MockRestServiceServerResetTestExecutionListener, org.springframework.boot.test.autoconfigure.web.servlet.MockMvcPrintOnlyOnFailureTestExecutionListener, org.springframework.boot.test.autoconfigure.web.servlet.WebDriverTestExecutionListener, org.springframework.test.context.web.ServletTestExecutionListener, org.springframework.test.context.support.DirtiesContextBeforeModesTestExecutionListener, org.springframework.test.context.support.DependencyInjectionTestExecutionListener, org.springframework.test.context.support.DirtiesContextTestExecutionListener, org.springframework.test.context.transaction.TransactionalTestExecutionListener, org.springframework.test.context.jdbc.SqlScriptsTestExecutionListener]
""2019-04-19 11:59:45 [main] INFO  o.s.b.t.a.w.s.WebMvcTestContextBootstrapper - Using TestExecutionListeners: [org.springframework.test.context.web.ServletTestExecutionListener@24fb8317, org.springframework.test.context.support.DirtiesContextBeforeModesTestExecutionListener@6d2f910b, org.springframework.boot.test.mock.mockito.MockitoTestExecutionListener@f451970, org.springframework.boot.test.autoconfigure.SpringBootDependencyInjectionTestExecutionListener@4a7c8cb7, org.springframework.test.context.support.DirtiesContextTestExecutionListener@32675dd4, org.springframework.test.context.transaction.TransactionalTestExecutionListener@2351255a, org.springframework.test.context.jdbc.SqlScriptsTestExecutionListener@4f836d9, org.springframework.boot.test.mock.mockito.ResetMocksTestExecutionListener@2a4f1bc5, org.springframework.boot.test.autoconfigure.restdocs.RestDocsTestExecutionListener@224e7aa5, org.springframework.boot.test.autoconfigure.web.client.MockRestServiceServerResetTestExecutionListener@89ff043, org.springframework.boot.test.autoconfigure.web.servlet.MockMvcPrintOnlyOnFailureTestExecutionListener@4d145177, org.springframework.boot.test.autoconfigure.web.servlet.WebDriverTestExecutionListener@1f57fa23]
""2019-04-19 11:59:45 [main] INFO  c.s.g.controller.GifControllerTest - No active profile set, falling back to default profiles: default
""2019-04-19 11:59:46 [main] INFO  o.s.s.c.ThreadPoolTaskExecutor - Initializing ExecutorService 'applicationTaskExecutor'
""2019-04-19 11:59:46 [main] INFO  o.s.b.t.m.w.SpringBootMockServletContext - Initializing Spring TestDispatcherServlet ''
""2019-04-19 11:59:46 [main] INFO  o.s.t.w.s.TestDispatcherServlet - Initializing Servlet ''
""2019-04-19 11:59:46 [main] INFO  o.s.t.w.s.TestDispatcherServlet - Completed initialization in 7 ms
""2019-04-19 11:59:46 [main] INFO  c.s.g.controller.GifControllerTest - Started GifControllerTest in 0.392 seconds (JVM running for 13.944)
""2019-04-19 11:59:46 [main] INFO  c.s.g.controller.GifController - The gif is saved to the database successfully!!!
""2019-04-19 11:59:46 [main] INFO  c.s.g.controller.GifController - The gif is deleted from the database successfully!!!
""2019-04-19 11:59:46 [main] INFO  c.s.g.controller.GifController - The gif is updated successfully!!!
""2019-04-19 11:59:46 [main] ERROR c.s.g.controller.GifController - This gif is already there in the database...Try another one!!
""2019-04-19 11:59:46 [main] ERROR c.s.g.controller.GifController - This gif with the specified gifId is not found...Try another one!!
""2019-04-19 11:59:46 [main] ERROR c.s.g.controller.GifController - This gif with the specified gifId is not found...Try another one!!
""2019-04-19 11:59:46 [main] ERROR c.s.g.controller.GifController - Internal server error...Try after sometime!!
""2019-04-19 11:59:46 [Thread-4] INFO  o.s.s.c.ThreadPoolTaskScheduler - Shutting down ExecutorService 'catalogWatchTaskScheduler'
""2019-04-19 11:59:46 [Thread-8] INFO  o.s.s.c.ThreadPoolTaskExecutor - Shutting down ExecutorService 'applicationTaskExecutor'
""2019-04-19 11:59:46 [Thread-4] INFO  o.s.s.c.ThreadPoolTaskExecutor - Shutting down ExecutorService 'applicationTaskExecutor'
""2019-04-19 12:05:37 [main] INFO  o.s.c.b.c.PropertySourceBootstrapConfiguration - Located property source: CompositePropertySource {name='consul', propertySources=[ConsulPropertySource {name='config/giphy-service/'}, ConsulPropertySource {name='config/application/'}]}
""2019-04-19 12:05:37 [main] INFO  c.s.g.GiphyServiceApplicationTests - No active profile set, falling back to default profiles: default
""2019-04-19 12:05:38 [main] INFO  o.s.d.r.c.RepositoryConfigurationDelegate - Bootstrapping Spring Data repositories in DEFAULT mode.
""2019-04-19 12:05:38 [main] INFO  o.s.d.r.c.RepositoryConfigurationDelegate - Finished Spring Data repository scanning in 173ms. Found 1 repository interfaces.
""2019-04-19 12:05:38 [main] INFO  o.s.cloud.context.scope.GenericScope - BeanFactory id=0f3dfd5c-e45f-37d5-a459-ca0f1620f5ec
""2019-04-19 12:05:38 [main] INFO  o.s.i.c.DefaultConfiguringBeanFactoryPostProcessor - No bean named 'errorChannel' has been explicitly defined. Therefore, a default PublishSubscribeChannel will be created.
""2019-04-19 12:05:38 [main] INFO  o.s.i.c.DefaultConfiguringBeanFactoryPostProcessor - No bean named 'taskScheduler' has been explicitly defined. Therefore, a default ThreadPoolTaskScheduler will be created.
""2019-04-19 12:05:38 [main] INFO  o.s.i.c.DefaultConfiguringBeanFactoryPostProcessor - No bean named 'integrationHeaderChannelRegistry' has been explicitly defined. Therefore, a default DefaultHeaderChannelRegistry will be created.
""2019-04-19 12:05:38 [main] INFO  o.s.c.s.PostProcessorRegistrationDelegate$BeanPostProcessorChecker - Bean 'org.springframework.retry.annotation.RetryConfiguration' of type [org.springframework.retry.annotation.RetryConfiguration$$EnhancerBySpringCGLIB$$9642a606] is not eligible for getting processed by all BeanPostProcessors (for example: not eligible for auto-proxying)
""2019-04-19 12:05:38 [main] INFO  o.s.c.s.PostProcessorRegistrationDelegate$BeanPostProcessorChecker - Bean 'org.springframework.integration.config.IntegrationManagementConfiguration' of type [org.springframework.integration.config.IntegrationManagementConfiguration$$EnhancerBySpringCGLIB$$b70c910] is not eligible for getting processed by all BeanPostProcessors (for example: not eligible for auto-proxying)
""2019-04-19 12:05:38 [main] INFO  o.s.c.s.PostProcessorRegistrationDelegate$BeanPostProcessorChecker - Bean 'integrationDisposableAutoCreatedBeans' of type [org.springframework.integration.config.annotation.Disposables] is not eligible for getting processed by all BeanPostProcessors (for example: not eligible for auto-proxying)
""2019-04-19 12:05:38 [main] INFO  o.s.c.s.PostProcessorRegistrationDelegate$BeanPostProcessorChecker - Bean 'org.springframework.cloud.autoconfigure.ConfigurationPropertiesRebinderAutoConfiguration' of type [org.springframework.cloud.autoconfigure.ConfigurationPropertiesRebinderAutoConfiguration$$EnhancerBySpringCGLIB$$bc9910de] is not eligible for getting processed by all BeanPostProcessors (for example: not eligible for auto-proxying)
""2019-04-19 12:05:38 [main] INFO  org.mongodb.driver.cluster - Cluster created with settings {hosts=[localhost:27017], mode=SINGLE, requiredClusterType=UNKNOWN, serverSelectionTimeout='30000 ms', maxWaitQueueSize=500}
""2019-04-19 12:05:38 [cluster-ClusterId{value='5cb96c3a62320324777b841e', description='null'}-localhost:27017] INFO  org.mongodb.driver.connection - Opened connection [connectionId{localValue:1, serverValue:94}] to localhost:27017
""2019-04-19 12:05:38 [cluster-ClusterId{value='5cb96c3a62320324777b841e', description='null'}-localhost:27017] INFO  org.mongodb.driver.cluster - Monitor thread successfully connected to server with description ServerDescription{address=localhost:27017, type=STANDALONE, state=CONNECTED, ok=true, version=ServerVersion{versionList=[3, 6, 8]}, minWireVersion=0, maxWireVersion=6, maxDocumentSize=16777216, logicalSessionTimeoutMinutes=30, roundTripTimeNanos=2524589}
""2019-04-19 12:05:39 [main] INFO  s.d.s.w.PropertySourcedRequestMappingHandlerMapping - Mapped URL path [/v2/api-docs] onto method [public org.springframework.http.ResponseEntity<springfox.documentation.spring.web.json.Json> springfox.documentation.swagger2.web.Swagger2Controller.getDocumentation(java.lang.String,javax.servlet.http.HttpServletRequest)]
""2019-04-19 12:05:39 [main] WARN  c.n.c.sources.URLConfigurationSource - No URLs will be polled as dynamic configuration sources.
""2019-04-19 12:05:39 [main] INFO  c.n.c.sources.URLConfigurationSource - To enable URLs as dynamic configuration sources, define System property archaius.configurationSource.additionalUrls or make config.properties available on classpath.
""2019-04-19 12:05:39 [main] WARN  c.n.c.sources.URLConfigurationSource - No URLs will be polled as dynamic configuration sources.
""2019-04-19 12:05:39 [main] INFO  c.n.c.sources.URLConfigurationSource - To enable URLs as dynamic configuration sources, define System property archaius.configurationSource.additionalUrls or make config.properties available on classpath.
""2019-04-19 12:05:40 [main] INFO  o.s.s.c.ThreadPoolTaskExecutor - Initializing ExecutorService 'applicationTaskExecutor'
""2019-04-19 12:05:40 [main] INFO  o.s.s.c.ThreadPoolTaskScheduler - Initializing ExecutorService 'catalogWatchTaskScheduler'
""2019-04-19 12:05:40 [main] INFO  o.s.s.c.ThreadPoolTaskScheduler - Initializing ExecutorService 'configWatchTaskScheduler'
""2019-04-19 12:05:40 [main] WARN  o.s.c.n.core.CoreAutoConfiguration - This module is deprecated. It will be removed in the next major release. Please use spring-cloud-netflix-hystrix instead.
""2019-04-19 12:05:40 [main] INFO  o.s.s.c.ThreadPoolTaskScheduler - Initializing ExecutorService 'taskScheduler'
""2019-04-19 12:05:40 [main] INFO  o.s.c.s.m.DirectWithAttributesChannel - Channel 'application-1.springCloudBusInput' has 1 subscriber(s).
""2019-04-19 12:05:40 [main] INFO  o.s.i.endpoint.EventDrivenConsumer - Adding {logging-channel-adapter:_org.springframework.integration.errorLogger} as a subscriber to the 'errorChannel' channel
""2019-04-19 12:05:40 [main] INFO  o.s.i.c.PublishSubscribeChannel - Channel 'application-1.errorChannel' has 1 subscriber(s).
""2019-04-19 12:05:40 [main] INFO  o.s.i.endpoint.EventDrivenConsumer - started _org.springframework.integration.errorLogger
""2019-04-19 12:05:40 [main] INFO  o.s.c.b.c.PropertySourceBootstrapConfiguration - Located property source: CompositePropertySource {name='consul', propertySources=[ConsulPropertySource {name='config/giphy-service/'}, ConsulPropertySource {name='config/application/'}]}
""2019-04-19 12:05:40 [main] INFO  o.s.i.endpoint.EventDrivenConsumer - Adding {message-handler:outbound.springCloudBus} as a subscriber to the 'springCloudBusOutput' channel
""2019-04-19 12:05:40 [main] INFO  o.s.c.s.m.DirectWithAttributesChannel - Channel 'application-1.springCloudBusOutput' has 1 subscriber(s).
""2019-04-19 12:05:40 [main] INFO  o.s.i.endpoint.EventDrivenConsumer - started outbound.springCloudBus
""2019-04-19 12:05:40 [main] INFO  o.s.c.c.b.ConsulInboundMessageProducer - started org.springframework.cloud.consul.binder.ConsulInboundMessageProducer@50ac63b2
""2019-04-19 12:05:40 [main] INFO  s.d.s.w.p.DocumentationPluginsBootstrapper - Context refreshed
""2019-04-19 12:05:40 [main] INFO  s.d.s.w.p.DocumentationPluginsBootstrapper - Found 1 custom documentation plugin(s)
""2019-04-19 12:05:41 [main] INFO  s.d.s.w.s.ApiListingReferenceScanner - Scanning for api listing references
""2019-04-19 12:05:41 [main] INFO  c.s.g.GiphyServiceApplicationTests - Started GiphyServiceApplicationTests in 4.765 seconds (JVM running for 5.934)
""2019-04-19 12:05:41 [main] INFO  o.s.b.t.a.w.s.WebMvcTestContextBootstrapper - Neither @ContextConfiguration nor @ContextHierarchy found for test class [com.stackroute.giphyservice.controller.GifControllerTest], using SpringBootContextLoader
""2019-04-19 12:05:41 [main] INFO  o.s.t.c.s.AbstractContextLoader - Could not detect default resource locations for test class [com.stackroute.giphyservice.controller.GifControllerTest]: no resource found for suffixes {-context.xml, Context.groovy}.
""2019-04-19 12:05:41 [main] INFO  o.s.t.c.s.AnnotationConfigContextLoaderUtils - Could not detect default configuration classes for test class [com.stackroute.giphyservice.controller.GifControllerTest]: GifControllerTest does not declare any static, non-private, non-final, nested classes annotated with @Configuration.
""2019-04-19 12:05:41 [main] INFO  o.s.b.t.c.SpringBootTestContextBootstrapper - Found @SpringBootConfiguration com.stackroute.giphyservice.GiphyServiceApplication for test class com.stackroute.giphyservice.controller.GifControllerTest
""2019-04-19 12:05:41 [main] INFO  o.s.b.t.a.w.s.WebMvcTestContextBootstrapper - Loaded default TestExecutionListener class names from location [META-INF/spring.factories]: [org.springframework.boot.test.mock.mockito.MockitoTestExecutionListener, org.springframework.boot.test.mock.mockito.ResetMocksTestExecutionListener, org.springframework.boot.test.autoconfigure.restdocs.RestDocsTestExecutionListener, org.springframework.boot.test.autoconfigure.web.client.MockRestServiceServerResetTestExecutionListener, org.springframework.boot.test.autoconfigure.web.servlet.MockMvcPrintOnlyOnFailureTestExecutionListener, org.springframework.boot.test.autoconfigure.web.servlet.WebDriverTestExecutionListener, org.springframework.test.context.web.ServletTestExecutionListener, org.springframework.test.context.support.DirtiesContextBeforeModesTestExecutionListener, org.springframework.test.context.support.DependencyInjectionTestExecutionListener, org.springframework.test.context.support.DirtiesContextTestExecutionListener, org.springframework.test.context.transaction.TransactionalTestExecutionListener, org.springframework.test.context.jdbc.SqlScriptsTestExecutionListener]
""2019-04-19 12:05:41 [main] INFO  o.s.b.t.a.w.s.WebMvcTestContextBootstrapper - Using TestExecutionListeners: [org.springframework.test.context.web.ServletTestExecutionListener@d140627, org.springframework.test.context.support.DirtiesContextBeforeModesTestExecutionListener@386ec37d, org.springframework.boot.test.mock.mockito.MockitoTestExecutionListener@10007fdc, org.springframework.boot.test.autoconfigure.SpringBootDependencyInjectionTestExecutionListener@7ca0aa55, org.springframework.test.context.support.DirtiesContextTestExecutionListener@51a8aed8, org.springframework.test.context.transaction.TransactionalTestExecutionListener@1f13eabb, org.springframework.test.context.jdbc.SqlScriptsTestExecutionListener@cfe881a, org.springframework.boot.test.mock.mockito.ResetMocksTestExecutionListener@75f579d2, org.springframework.boot.test.autoconfigure.restdocs.RestDocsTestExecutionListener@61bfd7da, org.springframework.boot.test.autoconfigure.web.client.MockRestServiceServerResetTestExecutionListener@6179af64, org.springframework.boot.test.autoconfigure.web.servlet.MockMvcPrintOnlyOnFailureTestExecutionListener@193f5509, org.springframework.boot.test.autoconfigure.web.servlet.WebDriverTestExecutionListener@475a8415]
""2019-04-19 12:05:41 [main] INFO  o.s.c.b.c.PropertySourceBootstrapConfiguration - Located property source: CompositePropertySource {name='consul', propertySources=[ConsulPropertySource {name='config/giphy-service/'}, ConsulPropertySource {name='config/application/'}]}
""2019-04-19 12:05:41 [main] INFO  c.s.g.controller.GifControllerTest - No active profile set, falling back to default profiles: default
""2019-04-19 12:05:41 [main] INFO  o.s.s.c.ThreadPoolTaskExecutor - Initializing ExecutorService 'applicationTaskExecutor'
""2019-04-19 12:05:41 [main] INFO  o.s.b.t.m.w.SpringBootMockServletContext - Initializing Spring TestDispatcherServlet ''
""2019-04-19 12:05:41 [main] INFO  o.s.t.w.s.TestDispatcherServlet - Initializing Servlet ''
""2019-04-19 12:05:41 [main] INFO  o.s.t.w.s.TestDispatcherServlet - Completed initialization in 11 ms
""2019-04-19 12:05:41 [main] INFO  c.s.g.controller.GifControllerTest - Started GifControllerTest in 0.44 seconds (JVM running for 6.425)
""2019-04-19 12:05:41 [main] INFO  c.s.g.controller.GifController - The gif is saved to the database successfully!!!
""2019-04-19 12:05:41 [main] INFO  c.s.g.controller.GifController - The gif is deleted from the database successfully!!!
""2019-04-19 12:05:41 [main] INFO  c.s.g.controller.GifController - The gif is updated successfully!!!
""2019-04-19 12:05:41 [main] ERROR c.s.g.controller.GifController - This gif is already there in the database...Try another one!!
""2019-04-19 12:05:41 [main] ERROR c.s.g.controller.GifController - This gif with the specified gifId is not found...Try another one!!
""2019-04-19 12:05:41 [main] ERROR c.s.g.controller.GifController - This gif with the specified gifId is not found...Try another one!!
""2019-04-19 12:05:41 [main] ERROR c.s.g.controller.GifController - Internal server error...Try after sometime!!
""2019-04-19 12:05:41 [Thread-5] INFO  o.s.c.c.b.ConsulInboundMessageProducer - stopped org.springframework.cloud.consul.binder.ConsulInboundMessageProducer@50ac63b2
""2019-04-19 12:05:41 [Thread-9] INFO  o.s.s.c.ThreadPoolTaskExecutor - Shutting down ExecutorService 'applicationTaskExecutor'
""2019-04-19 12:05:41 [Thread-5] INFO  o.s.i.endpoint.EventDrivenConsumer - Removing {message-handler:outbound.springCloudBus} as a subscriber to the 'springCloudBusOutput' channel
""2019-04-19 12:05:41 [Thread-5] INFO  o.s.c.s.m.DirectWithAttributesChannel - Channel 'application-1.springCloudBusOutput' has 0 subscriber(s).
""2019-04-19 12:05:41 [Thread-5] INFO  o.s.i.endpoint.EventDrivenConsumer - stopped outbound.springCloudBus
""2019-04-19 12:05:41 [Thread-5] INFO  o.s.i.endpoint.EventDrivenConsumer - Removing {logging-channel-adapter:_org.springframework.integration.errorLogger} as a subscriber to the 'errorChannel' channel
""2019-04-19 12:05:41 [Thread-5] INFO  o.s.i.c.PublishSubscribeChannel - Channel 'application-1.errorChannel' has 0 subscriber(s).
""2019-04-19 12:05:41 [Thread-5] INFO  o.s.i.endpoint.EventDrivenConsumer - stopped _org.springframework.integration.errorLogger
""2019-04-19 12:05:41 [Thread-5] INFO  o.s.s.c.ThreadPoolTaskScheduler - Shutting down ExecutorService 'taskScheduler'
""2019-04-19 12:05:41 [Thread-5] INFO  o.s.s.c.ThreadPoolTaskScheduler - Shutting down ExecutorService 'configWatchTaskScheduler'
""2019-04-19 12:05:41 [Thread-5] INFO  o.s.s.c.ThreadPoolTaskScheduler - Shutting down ExecutorService 'catalogWatchTaskScheduler'
""2019-04-19 12:05:41 [Thread-5] INFO  o.s.s.c.ThreadPoolTaskExecutor - Shutting down ExecutorService 'applicationTaskExecutor'
""2019-04-19 12:13:43 [main] INFO  o.s.c.b.c.PropertySourceBootstrapConfiguration - Located property source: CompositePropertySource {name='consul', propertySources=[ConsulPropertySource {name='config/giphy-service/'}, ConsulPropertySource {name='config/application/'}]}
""2019-04-19 12:13:43 [main] INFO  c.s.g.GiphyServiceApplicationTests - No active profile set, falling back to default profiles: default
""2019-04-19 12:13:43 [main] INFO  o.s.d.r.c.RepositoryConfigurationDelegate - Bootstrapping Spring Data repositories in DEFAULT mode.
""2019-04-19 12:13:43 [main] INFO  o.s.d.r.c.RepositoryConfigurationDelegate - Finished Spring Data repository scanning in 100ms. Found 1 repository interfaces.
""2019-04-19 12:13:44 [main] INFO  o.s.cloud.context.scope.GenericScope - BeanFactory id=0f3dfd5c-e45f-37d5-a459-ca0f1620f5ec
""2019-04-19 12:13:44 [main] INFO  o.s.i.c.DefaultConfiguringBeanFactoryPostProcessor - No bean named 'errorChannel' has been explicitly defined. Therefore, a default PublishSubscribeChannel will be created.
""2019-04-19 12:13:44 [main] INFO  o.s.i.c.DefaultConfiguringBeanFactoryPostProcessor - No bean named 'taskScheduler' has been explicitly defined. Therefore, a default ThreadPoolTaskScheduler will be created.
""2019-04-19 12:13:44 [main] INFO  o.s.i.c.DefaultConfiguringBeanFactoryPostProcessor - No bean named 'integrationHeaderChannelRegistry' has been explicitly defined. Therefore, a default DefaultHeaderChannelRegistry will be created.
""2019-04-19 12:13:44 [main] INFO  o.s.c.s.PostProcessorRegistrationDelegate$BeanPostProcessorChecker - Bean 'org.springframework.retry.annotation.RetryConfiguration' of type [org.springframework.retry.annotation.RetryConfiguration$$EnhancerBySpringCGLIB$$9642a606] is not eligible for getting processed by all BeanPostProcessors (for example: not eligible for auto-proxying)
""2019-04-19 12:13:44 [main] INFO  o.s.c.s.PostProcessorRegistrationDelegate$BeanPostProcessorChecker - Bean 'org.springframework.integration.config.IntegrationManagementConfiguration' of type [org.springframework.integration.config.IntegrationManagementConfiguration$$EnhancerBySpringCGLIB$$b70c910] is not eligible for getting processed by all BeanPostProcessors (for example: not eligible for auto-proxying)
""2019-04-19 12:13:44 [main] INFO  o.s.c.s.PostProcessorRegistrationDelegate$BeanPostProcessorChecker - Bean 'integrationDisposableAutoCreatedBeans' of type [org.springframework.integration.config.annotation.Disposables] is not eligible for getting processed by all BeanPostProcessors (for example: not eligible for auto-proxying)
""2019-04-19 12:13:44 [main] INFO  o.s.c.s.PostProcessorRegistrationDelegate$BeanPostProcessorChecker - Bean 'org.springframework.cloud.autoconfigure.ConfigurationPropertiesRebinderAutoConfiguration' of type [org.springframework.cloud.autoconfigure.ConfigurationPropertiesRebinderAutoConfiguration$$EnhancerBySpringCGLIB$$bc9910de] is not eligible for getting processed by all BeanPostProcessors (for example: not eligible for auto-proxying)
""2019-04-19 12:13:44 [main] INFO  org.mongodb.driver.cluster - Cluster created with settings {hosts=[localhost:27017], mode=SINGLE, requiredClusterType=UNKNOWN, serverSelectionTimeout='30000 ms', maxWaitQueueSize=500}
""2019-04-19 12:13:44 [cluster-ClusterId{value='5cb96e2062320327e6d90882', description='null'}-localhost:27017] INFO  org.mongodb.driver.connection - Opened connection [connectionId{localValue:1, serverValue:97}] to localhost:27017
""2019-04-19 12:13:44 [cluster-ClusterId{value='5cb96e2062320327e6d90882', description='null'}-localhost:27017] INFO  org.mongodb.driver.cluster - Monitor thread successfully connected to server with description ServerDescription{address=localhost:27017, type=STANDALONE, state=CONNECTED, ok=true, version=ServerVersion{versionList=[3, 6, 8]}, minWireVersion=0, maxWireVersion=6, maxDocumentSize=16777216, logicalSessionTimeoutMinutes=30, roundTripTimeNanos=2404471}
""2019-04-19 12:13:45 [main] INFO  s.d.s.w.PropertySourcedRequestMappingHandlerMapping - Mapped URL path [/v2/api-docs] onto method [public org.springframework.http.ResponseEntity<springfox.documentation.spring.web.json.Json> springfox.documentation.swagger2.web.Swagger2Controller.getDocumentation(java.lang.String,javax.servlet.http.HttpServletRequest)]
""2019-04-19 12:13:45 [main] WARN  c.n.c.sources.URLConfigurationSource - No URLs will be polled as dynamic configuration sources.
""2019-04-19 12:13:45 [main] INFO  c.n.c.sources.URLConfigurationSource - To enable URLs as dynamic configuration sources, define System property archaius.configurationSource.additionalUrls or make config.properties available on classpath.
""2019-04-19 12:13:45 [main] WARN  c.n.c.sources.URLConfigurationSource - No URLs will be polled as dynamic configuration sources.
""2019-04-19 12:13:45 [main] INFO  c.n.c.sources.URLConfigurationSource - To enable URLs as dynamic configuration sources, define System property archaius.configurationSource.additionalUrls or make config.properties available on classpath.
""2019-04-19 12:13:45 [main] INFO  o.s.s.c.ThreadPoolTaskExecutor - Initializing ExecutorService 'applicationTaskExecutor'
""2019-04-19 12:13:46 [main] INFO  o.s.s.c.ThreadPoolTaskScheduler - Initializing ExecutorService 'catalogWatchTaskScheduler'
""2019-04-19 12:13:46 [main] INFO  o.s.s.c.ThreadPoolTaskScheduler - Initializing ExecutorService 'configWatchTaskScheduler'
""2019-04-19 12:13:46 [main] WARN  o.s.c.n.core.CoreAutoConfiguration - This module is deprecated. It will be removed in the next major release. Please use spring-cloud-netflix-hystrix instead.
""2019-04-19 12:13:46 [main] INFO  o.s.s.c.ThreadPoolTaskScheduler - Initializing ExecutorService 'taskScheduler'
""2019-04-19 12:13:46 [main] INFO  o.s.c.s.m.DirectWithAttributesChannel - Channel 'application-1.springCloudBusInput' has 1 subscriber(s).
""2019-04-19 12:13:46 [main] INFO  o.s.i.endpoint.EventDrivenConsumer - Adding {logging-channel-adapter:_org.springframework.integration.errorLogger} as a subscriber to the 'errorChannel' channel
""2019-04-19 12:13:46 [main] INFO  o.s.i.c.PublishSubscribeChannel - Channel 'application-1.errorChannel' has 1 subscriber(s).
""2019-04-19 12:13:46 [main] INFO  o.s.i.endpoint.EventDrivenConsumer - started _org.springframework.integration.errorLogger
""2019-04-19 12:13:46 [main] INFO  o.s.c.b.c.PropertySourceBootstrapConfiguration - Located property source: CompositePropertySource {name='consul', propertySources=[ConsulPropertySource {name='config/giphy-service/'}, ConsulPropertySource {name='config/application/'}]}
""2019-04-19 12:13:46 [main] INFO  o.s.i.endpoint.EventDrivenConsumer - Adding {message-handler:outbound.springCloudBus} as a subscriber to the 'springCloudBusOutput' channel
""2019-04-19 12:13:46 [main] INFO  o.s.c.s.m.DirectWithAttributesChannel - Channel 'application-1.springCloudBusOutput' has 1 subscriber(s).
""2019-04-19 12:13:46 [main] INFO  o.s.i.endpoint.EventDrivenConsumer - started outbound.springCloudBus
""2019-04-19 12:13:46 [main] INFO  o.s.c.c.b.ConsulInboundMessageProducer - started org.springframework.cloud.consul.binder.ConsulInboundMessageProducer@6a25c9ad
""2019-04-19 12:13:46 [main] INFO  s.d.s.w.p.DocumentationPluginsBootstrapper - Context refreshed
""2019-04-19 12:13:46 [main] INFO  s.d.s.w.p.DocumentationPluginsBootstrapper - Found 1 custom documentation plugin(s)
""2019-04-19 12:13:46 [main] INFO  s.d.s.w.s.ApiListingReferenceScanner - Scanning for api listing references
""2019-04-19 12:13:47 [main] INFO  c.s.g.GiphyServiceApplicationTests - Started GiphyServiceApplicationTests in 4.863 seconds (JVM running for 5.972)
""2019-04-19 12:13:47 [main] INFO  o.s.b.t.a.w.s.WebMvcTestContextBootstrapper - Neither @ContextConfiguration nor @ContextHierarchy found for test class [com.stackroute.giphyservice.controller.GifControllerTest], using SpringBootContextLoader
""2019-04-19 12:13:47 [main] INFO  o.s.t.c.s.AbstractContextLoader - Could not detect default resource locations for test class [com.stackroute.giphyservice.controller.GifControllerTest]: no resource found for suffixes {-context.xml, Context.groovy}.
""2019-04-19 12:13:47 [main] INFO  o.s.t.c.s.AnnotationConfigContextLoaderUtils - Could not detect default configuration classes for test class [com.stackroute.giphyservice.controller.GifControllerTest]: GifControllerTest does not declare any static, non-private, non-final, nested classes annotated with @Configuration.
""2019-04-19 12:13:47 [main] INFO  o.s.b.t.c.SpringBootTestContextBootstrapper - Found @SpringBootConfiguration com.stackroute.giphyservice.GiphyServiceApplication for test class com.stackroute.giphyservice.controller.GifControllerTest
""2019-04-19 12:13:47 [main] INFO  o.s.b.t.a.w.s.WebMvcTestContextBootstrapper - Loaded default TestExecutionListener class names from location [META-INF/spring.factories]: [org.springframework.boot.test.mock.mockito.MockitoTestExecutionListener, org.springframework.boot.test.mock.mockito.ResetMocksTestExecutionListener, org.springframework.boot.test.autoconfigure.restdocs.RestDocsTestExecutionListener, org.springframework.boot.test.autoconfigure.web.client.MockRestServiceServerResetTestExecutionListener, org.springframework.boot.test.autoconfigure.web.servlet.MockMvcPrintOnlyOnFailureTestExecutionListener, org.springframework.boot.test.autoconfigure.web.servlet.WebDriverTestExecutionListener, org.springframework.test.context.web.ServletTestExecutionListener, org.springframework.test.context.support.DirtiesContextBeforeModesTestExecutionListener, org.springframework.test.context.support.DependencyInjectionTestExecutionListener, org.springframework.test.context.support.DirtiesContextTestExecutionListener, org.springframework.test.context.transaction.TransactionalTestExecutionListener, org.springframework.test.context.jdbc.SqlScriptsTestExecutionListener]
""2019-04-19 12:13:47 [main] INFO  o.s.b.t.a.w.s.WebMvcTestContextBootstrapper - Using TestExecutionListeners: [org.springframework.test.context.web.ServletTestExecutionListener@6592a73b, org.springframework.test.context.support.DirtiesContextBeforeModesTestExecutionListener@14f11a56, org.springframework.boot.test.mock.mockito.MockitoTestExecutionListener@11ce61d1, org.springframework.boot.test.autoconfigure.SpringBootDependencyInjectionTestExecutionListener@759862a2, org.springframework.test.context.support.DirtiesContextTestExecutionListener@543b855, org.springframework.test.context.transaction.TransactionalTestExecutionListener@197c3101, org.springframework.test.context.jdbc.SqlScriptsTestExecutionListener@7b5e1b16, org.springframework.boot.test.mock.mockito.ResetMocksTestExecutionListener@4d65fbad, org.springframework.boot.test.autoconfigure.restdocs.RestDocsTestExecutionListener@55fc6344, org.springframework.boot.test.autoconfigure.web.client.MockRestServiceServerResetTestExecutionListener@2df0a4c3, org.springframework.boot.test.autoconfigure.web.servlet.MockMvcPrintOnlyOnFailureTestExecutionListener@267d9cc0, org.springframework.boot.test.autoconfigure.web.servlet.WebDriverTestExecutionListener@44a7a331]
""2019-04-19 12:13:47 [main] INFO  o.s.c.b.c.PropertySourceBootstrapConfiguration - Located property source: CompositePropertySource {name='consul', propertySources=[ConsulPropertySource {name='config/giphy-service/'}, ConsulPropertySource {name='config/application/'}]}
""2019-04-19 12:13:47 [main] INFO  c.s.g.controller.GifControllerTest - No active profile set, falling back to default profiles: default
""2019-04-19 12:13:47 [main] INFO  o.s.s.c.ThreadPoolTaskExecutor - Initializing ExecutorService 'applicationTaskExecutor'
""2019-04-19 12:13:47 [main] INFO  o.s.b.t.m.w.SpringBootMockServletContext - Initializing Spring TestDispatcherServlet ''
""2019-04-19 12:13:47 [main] INFO  o.s.t.w.s.TestDispatcherServlet - Initializing Servlet ''
""2019-04-19 12:13:47 [main] INFO  o.s.t.w.s.TestDispatcherServlet - Completed initialization in 10 ms
""2019-04-19 12:13:47 [main] INFO  c.s.g.controller.GifControllerTest - Started GifControllerTest in 0.494 seconds (JVM running for 6.516)
""2019-04-19 12:13:47 [main] INFO  c.s.g.controller.GifController - The gif is saved to the database successfully!!!
""2019-04-19 12:13:47 [main] INFO  c.s.g.controller.GifController - The gif is deleted from the database successfully!!!
""2019-04-19 12:13:47 [main] INFO  c.s.g.controller.GifController - The gif is updated successfully!!!
""2019-04-19 12:13:47 [main] ERROR c.s.g.controller.GifController - This gif is already there in the database...Try another one!!
""2019-04-19 12:13:47 [main] ERROR c.s.g.controller.GifController - This gif with the specified gifId is not found...Try another one!!
""2019-04-19 12:13:47 [main] ERROR c.s.g.controller.GifController - This gif with the specified gifId is not found...Try another one!!
""2019-04-19 12:13:47 [main] ERROR c.s.g.controller.GifController - Internal server error...Try after sometime!!
""2019-04-19 12:13:47 [Thread-9] INFO  o.s.s.c.ThreadPoolTaskExecutor - Shutting down ExecutorService 'applicationTaskExecutor'
""2019-04-19 12:13:47 [Thread-5] INFO  o.s.c.c.b.ConsulInboundMessageProducer - stopped org.springframework.cloud.consul.binder.ConsulInboundMessageProducer@6a25c9ad
""2019-04-19 12:13:47 [Thread-5] INFO  o.s.i.endpoint.EventDrivenConsumer - Removing {message-handler:outbound.springCloudBus} as a subscriber to the 'springCloudBusOutput' channel
""2019-04-19 12:13:47 [Thread-5] INFO  o.s.c.s.m.DirectWithAttributesChannel - Channel 'application-1.springCloudBusOutput' has 0 subscriber(s).
""2019-04-19 12:13:47 [Thread-5] INFO  o.s.i.endpoint.EventDrivenConsumer - stopped outbound.springCloudBus
""2019-04-19 12:13:47 [Thread-5] INFO  o.s.i.endpoint.EventDrivenConsumer - Removing {logging-channel-adapter:_org.springframework.integration.errorLogger} as a subscriber to the 'errorChannel' channel
""2019-04-19 12:13:47 [Thread-5] INFO  o.s.i.c.PublishSubscribeChannel - Channel 'application-1.errorChannel' has 0 subscriber(s).
""2019-04-19 12:13:47 [Thread-5] INFO  o.s.i.endpoint.EventDrivenConsumer - stopped _org.springframework.integration.errorLogger
""2019-04-19 12:13:47 [Thread-5] INFO  o.s.s.c.ThreadPoolTaskScheduler - Shutting down ExecutorService 'taskScheduler'
""2019-04-19 12:13:47 [Thread-5] INFO  o.s.s.c.ThreadPoolTaskScheduler - Shutting down ExecutorService 'configWatchTaskScheduler'
""2019-04-19 12:13:47 [Thread-5] INFO  o.s.s.c.ThreadPoolTaskScheduler - Shutting down ExecutorService 'catalogWatchTaskScheduler'
""2019-04-19 12:13:47 [Thread-5] INFO  o.s.s.c.ThreadPoolTaskExecutor - Shutting down ExecutorService 'applicationTaskExecutor'
"